<?xml version="1.0" encoding="UTF-8"?>
<testsuites>
  <testsuite name="/app/phpunit.xml.dist" tests="7" assertions="38" errors="0" failures="0" skipped="0" time="0.834737">
    <testsuite name="Unit" tests="3" assertions="8" errors="0" failures="0" skipped="0" time="0.297326">
      <testsuite name="Tests\Unit\Playground\Admin\Models\Setting\ModelTest" file="/app/tests/Unit/Models/Setting/ModelTest.php" tests="3" assertions="8" errors="0" failures="0" skipped="0" time="0.297326">
        <testcase name="test_model_instance" file="/app/vendor/gammamatrix/playground-test/src/Unit/Models/ModelCase.php" line="114" class="Tests\Unit\Playground\Admin\Models\Setting\ModelTest" classname="Tests.Unit.Playground.Admin.Models.Setting.ModelTest" assertions="1" time="0.229056"/>
        <testcase name="test_verify_model_relationships" file="/app/vendor/gammamatrix/playground-test/src/Unit/Models/ModelCase.php" line="275" class="Tests\Unit\Playground\Admin\Models\Setting\ModelTest" classname="Tests.Unit.Playground.Admin.Models.Setting.ModelTest" assertions="4" time="0.036689"/>
        <testcase name="test_model_factory_make" file="/app/vendor/gammamatrix/playground-test/src/Unit/Models/ModelCase.php" line="291" class="Tests\Unit\Playground\Admin\Models\Setting\ModelTest" classname="Tests.Unit.Playground.Admin.Models.Setting.ModelTest" assertions="3" time="0.031581"/>
      </testsuite>
    </testsuite>
    <testsuite name="Feature" tests="4" assertions="30" errors="0" failures="0" skipped="0" time="0.537411">
      <testsuite name="Tests\Feature\Playground\Admin\Console\Commands\About\CommandTest" file="/app/tests/Feature/Console/Commands/About/CommandTest.php" tests="1" assertions="2" errors="0" failures="0" skipped="0" time="0.153468">
        <testcase name="test_command_about_displays_package_information_and_succeed_with_code_0" file="/app/tests/Feature/Console/Commands/About/CommandTest.php" line="28" class="Tests\Feature\Playground\Admin\Console\Commands\About\CommandTest" classname="Tests.Feature.Playground.Admin.Console.Commands.About.CommandTest" assertions="2" time="0.153468"/>
      </testsuite>
      <testsuite name="Tests\Feature\Playground\Admin\Models\Setting\ModelTest" file="/app/tests/Feature/Models/Setting/ModelTest.php" tests="3" assertions="28" errors="0" failures="0" skipped="0" time="0.383943">
        <testcase name="test_model_instance" file="/app/vendor/gammamatrix/playground-test/src/Feature/Models/ModelCase.php" line="108" class="Tests\Feature\Playground\Admin\Models\Setting\ModelTest" classname="Tests.Feature.Playground.Admin.Models.Setting.ModelTest" assertions="1" time="0.101183"/>
        <testcase name="test_verify_model_relationships" file="/app/vendor/gammamatrix/playground-test/src/Feature/Models/ModelCase.php" line="527" class="Tests\Feature\Playground\Admin\Models\Setting\ModelTest" classname="Tests.Feature.Playground.Admin.Models.Setting.ModelTest" assertions="24" time="0.179032"/>
        <testcase name="test_factory_create" file="/app/vendor/gammamatrix/playground-test/src/Feature/Models/ModelCase.php" line="543" class="Tests\Feature\Playground\Admin\Models\Setting\ModelTest" classname="Tests.Feature.Playground.Admin.Models.Setting.ModelTest" assertions="3" time="0.103729"/>
      </testsuite>
    </testsuite>
  </testsuite>
</testsuites>
